# JRE version: OpenJDK Runtime Environment (8.0_352-b08) (build 1.8.0_352-b08)
# Java VM: OpenJDK 64-Bit Server VM (25.352-b08 mixed mode windows-amd64 compressed oops)
Heap:
 PSYoungGen      total 74240K, used 52353K [0x00000000f5580000, 0x00000000fb000000, 0x0000000100000000)
  eden space 56832K, 68% used [0x00000000f5580000,0x00000000f7bc2590,0x00000000f8d00000)
  from space 17408K, 75% used [0x00000000f9f00000,0x00000000fabde050,0x00000000fb000000)
  to   space 17920K, 0% used [0x00000000f8d00000,0x00000000f8d00000,0x00000000f9e80000)
 ParOldGen       total 175104K, used 20176K [0x00000000e0000000, 0x00000000eab00000, 0x00000000f5580000)
  object space 175104K, 11% used [0x00000000e0000000,0x00000000e13b4310,0x00000000eab00000)
 Metaspace       used 52998K, capacity 57446K, committed 57600K, reserved 1097728K
  class space    used 7606K, capacity 8325K, committed 8448K, reserved 1048576K
GC Heap History (10 events):
Event: 30.989 GC heap before
{Heap before GC invocations=12 (full 2):
 PSYoungGen      total 74240K, used 66804K [0x00000000f5580000, 0x00000000faa80000, 0x0000000100000000)
  eden space 60928K, 100% used [0x00000000f5580000,0x00000000f9100000,0x00000000f9100000)
  from space 13312K, 44% used [0x00000000f9100000,0x00000000f96bd1f0,0x00000000f9e00000)
  to   space 12800K, 0% used [0x00000000f9e00000,0x00000000f9e00000,0x00000000faa80000)
 ParOldGen       total 175104K, used 15077K [0x00000000e0000000, 0x00000000eab00000, 0x00000000f5580000)
  object space 175104K, 8% used [0x00000000e0000000,0x00000000e0eb9588,0x00000000eab00000)
 Metaspace       used 44233K, capacity 46772K, committed 46848K, reserved 1089536K
  class space    used 6392K, capacity 6879K, committed 6912K, reserved 1048576K
Event: 30.993 GC heap after
Heap after GC invocations=12 (full 2):
 PSYoungGen      total 74752K, used 7700K [0x00000000f5580000, 0x00000000faa80000, 0x0000000100000000)
  eden space 61952K, 0% used [0x00000000f5580000,0x00000000f5580000,0x00000000f9200000)
  from space 12800K, 60% used [0x00000000f9e00000,0x00000000fa585128,0x00000000faa80000)
  to   space 12288K, 0% used [0x00000000f9200000,0x00000000f9200000,0x00000000f9e00000)
 ParOldGen       total 175104K, used 15085K [0x00000000e0000000, 0x00000000eab00000, 0x00000000f5580000)
  object space 175104K, 8% used [0x00000000e0000000,0x00000000e0ebb588,0x00000000eab00000)
 Metaspace       used 44233K, capacity 46772K, committed 46848K, reserved 1089536K
  class space    used 6392K, capacity 6879K, committed 6912K, reserved 1048576K
}
Event: 32.025 GC heap before
{Heap before GC invocations=13 (full 2):
 PSYoungGen      total 74752K, used 69652K [0x00000000f5580000, 0x00000000faa80000, 0x0000000100000000)
  eden space 61952K, 100% used [0x00000000f5580000,0x00000000f9200000,0x00000000f9200000)
  from space 12800K, 60% used [0x00000000f9e00000,0x00000000fa585128,0x00000000faa80000)
  to   space 12288K, 0% used [0x00000000f9200000,0x00000000f9200000,0x00000000f9e00000)
 ParOldGen       total 175104K, used 15085K [0x00000000e0000000, 0x00000000eab00000, 0x00000000f5580000)
  object space 175104K, 8% used [0x00000000e0000000,0x00000000e0ebb588,0x00000000eab00000)
 Metaspace       used 46211K, capacity 49218K, committed 49280K, reserved 1091584K
  class space    used 6738K, capacity 7274K, committed 7296K, reserved 1048576K
Event: 32.031 GC heap after
Heap after GC invocations=13 (full 2):
 PSYoungGen      total 74240K, used 10281K [0x00000000f5580000, 0x00000000faa80000, 0x0000000100000000)
  eden space 61952K, 0% used [0x00000000f5580000,0x00000000f5580000,0x00000000f9200000)
  from space 12288K, 83% used [0x00000000f9200000,0x00000000f9c0a428,0x00000000f9e00000)
  to   space 12800K, 0% used [0x00000000f9e00000,0x00000000f9e00000,0x00000000faa80000)
 ParOldGen       total 175104K, used 15093K [0x00000000e0000000, 0x00000000eab00000, 0x00000000f5580000)
  object space 175104K, 8% used [0x00000000e0000000,0x00000000e0ebd588,0x00000000eab00000)
 Metaspace       used 46211K, capacity 49218K, committed 49280K, reserved 1091584K
  class space    used 6738K, capacity 7274K, committed 7296K, reserved 1048576K
}
Event: 34.350 GC heap before
{Heap before GC invocations=14 (full 2):
 PSYoungGen      total 74240K, used 72233K [0x00000000f5580000, 0x00000000faa80000, 0x0000000100000000)
  eden space 61952K, 100% used [0x00000000f5580000,0x00000000f9200000,0x00000000f9200000)
  from space 12288K, 83% used [0x00000000f9200000,0x00000000f9c0a428,0x00000000f9e00000)
  to   space 12800K, 0% used [0x00000000f9e00000,0x00000000f9e00000,0x00000000faa80000)
 ParOldGen       total 175104K, used 15093K [0x00000000e0000000, 0x00000000eab00000, 0x00000000f5580000)
  object space 175104K, 8% used [0x00000000e0000000,0x00000000e0ebd588,0x00000000eab00000)
 Metaspace       used 49745K, capacity 53416K, committed 53760K, reserved 1095680K
  class space    used 7257K, capacity 7854K, committed 7936K, reserved 1048576K
Event: 34.359 GC heap after
Heap after GC invocations=14 (full 2):
 PSYoungGen      total 71680K, used 12776K [0x00000000f5580000, 0x00000000faf00000, 0x0000000100000000)
  eden space 58880K, 0% used [0x00000000f5580000,0x00000000f5580000,0x00000000f8f00000)
  from space 12800K, 99% used [0x00000000f9e00000,0x00000000faa7a070,0x00000000faa80000)
  to   space 15360K, 0% used [0x00000000f8f00000,0x00000000f8f00000,0x00000000f9e00000)
 ParOldGen       total 175104K, used 17719K [0x00000000e0000000, 0x00000000eab00000, 0x00000000f5580000)
  object space 175104K, 10% used [0x00000000e0000000,0x00000000e114ddf8,0x00000000eab00000)
 Metaspace       used 49745K, capacity 53416K, committed 53760K, reserved 1095680K
  class space    used 7257K, capacity 7854K, committed 7936K, reserved 1048576K
}
Event: 39.581 GC heap before
{Heap before GC invocations=15 (full 2):
 PSYoungGen      total 71680K, used 71656K [0x00000000f5580000, 0x00000000faf00000, 0x0000000100000000)
  eden space 58880K, 100% used [0x00000000f5580000,0x00000000f8f00000,0x00000000f8f00000)
  from space 12800K, 99% used [0x00000000f9e00000,0x00000000faa7a070,0x00000000faa80000)
  to   space 15360K, 0% used [0x00000000f8f00000,0x00000000f8f00000,0x00000000f9e00000)
 ParOldGen       total 175104K, used 17719K [0x00000000e0000000, 0x00000000eab00000, 0x00000000f5580000)
  object space 175104K, 10% used [0x00000000e0000000,0x00000000e114ddf8,0x00000000eab00000)
 Metaspace       used 50546K, capacity 54436K, committed 54656K, reserved 1095680K
  class space    used 7305K, capacity 7948K, committed 8064K, reserved 1048576K
Event: 39.588 GC heap after
Heap after GC invocations=15 (full 2):
 PSYoungGen      total 73216K, used 15352K [0x00000000f5580000, 0x00000000fb000000, 0x0000000100000000)
  eden space 57856K, 0% used [0x00000000f5580000,0x00000000f5580000,0x00000000f8e00000)
  from space 15360K, 99% used [0x00000000f8f00000,0x00000000f9dfe080,0x00000000f9e00000)
  to   space 17408K, 0% used [0x00000000f9f00000,0x00000000f9f00000,0x00000000fb000000)
 ParOldGen       total 175104K, used 18061K [0x00000000e0000000, 0x00000000eab00000, 0x00000000f5580000)
  object space 175104K, 10% used [0x00000000e0000000,0x00000000e11a3430,0x00000000eab00000)
 Metaspace       used 50546K, capacity 54436K, committed 54656K, reserved 1095680K
  class space    used 7305K, capacity 7948K, committed 8064K, reserved 1048576K
}
Event: 42.689 GC heap before
{Heap before GC invocations=16 (full 2):
 PSYoungGen      total 73216K, used 73208K [0x00000000f5580000, 0x00000000fb000000, 0x0000000100000000)
  eden space 57856K, 100% used [0x00000000f5580000,0x00000000f8e00000,0x00000000f8e00000)
  from space 15360K, 99% used [0x00000000f8f00000,0x00000000f9dfe080,0x00000000f9e00000)
  to   space 17408K, 0% used [0x00000000f9f00000,0x00000000f9f00000,0x00000000fb000000)
 ParOldGen       total 175104K, used 18061K [0x00000000e0000000, 0x00000000eab00000, 0x00000000f5580000)
  object space 175104K, 10% used [0x00000000e0000000,0x00000000e11a3430,0x00000000eab00000)
 Metaspace       used 51505K, capacity 55472K, committed 55808K, reserved 1097728K
  class space    used 7418K, capacity 8078K, committed 8192K, reserved 1048576K
Event: 42.698 GC heap after
Heap after GC invocations=16 (full 2):
 PSYoungGen      total 74240K, used 13176K [0x00000000f5580000, 0x00000000fb000000, 0x0000000100000000)
  eden space 56832K, 0% used [0x00000000f5580000,0x00000000f5580000,0x00000000f8d00000)
  from space 17408K, 75% used [0x00000000f9f00000,0x00000000fabde050,0x00000000fb000000)
  to   space 17920K, 0% used [0x00000000f8d00000,0x00000000f8d00000,0x00000000f9e80000)
 ParOldGen       total 175104K, used 20176K [0x00000000e0000000, 0x00000000eab00000, 0x00000000f5580000)
  object space 175104K, 11% used [0x00000000e0000000,0x00000000e13b4310,0x00000000eab00000)
 Metaspace       used 51505K, capacity 55472K, committed 55808K, reserved 1097728K
  class space    used 7418K, capacity 8078K, committed 8192K, reserved 1048576K
}

